<?xml version="1.0" encoding="UTF-8"?>
<!-- Generated by org.testng.reporters.JUnitReportReporter -->
<testsuite hostname="DESKTOP-03IFQFL" failures="0" tests="6" name="testcases.SmokeTestMain" time="16.694" errors="0" timestamp="2024-03-26T19:44:37 IST" skipped="5">
  <testcase classname="testcases.SmokeTestMain" name="expense" time="16.694"/>
  <testcase classname="testcases.SmokeTestMain" name="project">
    <skipped/>
  </testcase> <!-- project -->
  <testcase classname="testcases.SmokeTestMain" name="invoice">
    <skipped/>
  </testcase> <!-- invoice -->
  <testcase classname="testcases.SmokeTestMain" name="MTE">
    <skipped/>
  </testcase> <!-- MTE -->
  <testcase classname="testcases.SmokeTestMain" name="manageMyEntries">
    <skipped/>
  </testcase> <!-- manageMyEntries -->
  <testcase classname="testcases.SmokeTestMain" name="client">
    <skipped/>
  </testcase> <!-- client -->
</testsuite> <!-- testcases.SmokeTestMain -->
