<?xml version="1.0" encoding="UTF-8"?>
<!-- Generated by org.testng.reporters.JUnitReportReporter -->
<testsuite hostname="DESKTOP-03IFQFL" failures="0" tests="1" name="testcases.RoughClass" time="0.015" errors="0" timestamp="2024-03-18T14:31:48 IST" skipped="0">
  <testcase classname="testcases.RoughClass" name="dd" time="0.015"/>
</testsuite> <!-- testcases.RoughClass -->
