<?xml version="1.0" encoding="UTF-8"?>
<!-- Generated by org.testng.reporters.JUnitReportReporter -->
<testsuite hostname="DESKTOP-03IFQFL" failures="0" tests="1" name="testcases.GetServer" time="399.134" errors="0" timestamp="2024-09-06T11:48:44 IST" skipped="0">
  <testcase classname="testcases.GetServer" name="noLogin" time="399.134"/>
</testsuite> <!-- testcases.GetServer -->
