<?xml version="1.0" encoding="UTF-8"?>
<!-- Generated by org.testng.reporters.JUnitReportReporter -->
<testsuite hostname="DESKTOP-03IFQFL" failures="0" tests="1" name="testcases.RoughClass" time="15.720" errors="0" timestamp="2024-04-04T20:53:50 IST" skipped="0">
  <testcase classname="testcases.RoughClass" name="invoice" time="15.720"/>
</testsuite> <!-- testcases.RoughClass -->
