<?xml version="1.0" encoding="UTF-8"?>
<!-- Generated by org.testng.reporters.JUnitReportReporter -->
<testsuite hostname="DESKTOP-03IFQFL" failures="0" tests="1" name="testcases.Clientdropdowns" time="12.537" errors="0" timestamp="2024-07-25T13:24:09 IST" skipped="0">
  <testcase classname="testcases.Clientdropdowns" name="dddd" time="12.537"/>
</testsuite> <!-- testcases.Clientdropdowns -->
