<?xml version="1.0" encoding="UTF-8"?>
<!-- Generated by org.testng.reporters.JUnitReportReporter -->
<testsuite hostname="DESKTOP-03IFQFL" failures="0" tests="5" name="testcases.SmokeTestMain" time="70.226" errors="0" timestamp="2024-03-22T18:15:05 IST" skipped="0">
  <testcase classname="testcases.SmokeTestMain" name="client" time="9.330"/>
  <testcase classname="testcases.SmokeTestMain" name="project" time="5.862"/>
  <testcase classname="testcases.SmokeTestMain" name="MTE" time="13.503"/>
  <testcase classname="testcases.SmokeTestMain" name="manageMyEntries" time="9.459"/>
  <testcase classname="testcases.SmokeTestMain" name="invoice" time="32.072"/>
</testsuite> <!-- testcases.SmokeTestMain -->
