<?xml version="1.0" encoding="UTF-8"?>
<!-- Generated by org.testng.reporters.JUnitReportReporter -->
<testsuite hostname="DESKTOP-03IFQFL" failures="0" tests="1" name="testcases.GetServer" time="70.019" errors="0" timestamp="2024-03-26T13:15:02 IST" skipped="0">
  <testcase classname="testcases.GetServer" name="noLogin" time="70.019"/>
</testsuite> <!-- testcases.GetServer -->
