<?xml version="1.0" encoding="UTF-8"?>
<!-- Generated by org.testng.reporters.JUnitReportReporter -->
<testsuite hostname="DESKTOP-03IFQFL" failures="0" tests="1" name="testcases.LoginTestcas" time="26.108" errors="0" timestamp="2024-02-29T13:41:10 IST" skipped="0">
  <testcase classname="testcases.LoginTestcas" name="login" time="26.108"/>
</testsuite> <!-- testcases.LoginTestcas -->
