<?xml version="1.0" encoding="UTF-8"?>
<!-- Generated by org.testng.reporters.JUnitReportReporter -->
<testsuite hostname="DESKTOP-03IFQFL" failures="0" tests="1" name="testcases.AllPagesLoading" time="104.560" errors="0" timestamp="2024-09-06T20:27:23 IST" skipped="0">
  <testcase classname="testcases.AllPagesLoading" name="Login" time="104.560"/>
</testsuite> <!-- testcases.AllPagesLoading -->
