<?xml version="1.0" encoding="UTF-8"?>
<!-- Generated by org.testng.reporters.JUnitReportReporter -->
<testsuite hostname="DESKTOP-03IFQFL" failures="0" tests="3" name="testcases.RoughClass2" time="55.033" errors="0" timestamp="2024-05-16T17:40:40 IST" skipped="1">
  <testcase classname="testcases.RoughClass2" name="b_subscription" time="24.389"/>
  <testcase classname="testcases.RoughClass2" name="a_institution" time="30.644"/>
  <testcase classname="testcases.RoughClass2" name="c_admin">
    <skipped/>
  </testcase> <!-- c_admin -->
</testsuite> <!-- testcases.RoughClass2 -->
